{"D:\\Assignment\\EmpManagerBackend\\src\\controller\\employee.controller.ts": {"path":"D:\\Assignment\\EmpManagerBackend\\src\\controller\\employee.controller.ts","statementMap":{"0":{"start":{"line":2,"column":0},"end":{"line":2,"column":34}},"1":{"start":{"line":3,"column":0},"end":{"line":3,"column":null}},"2":{"start":{"line":10,"column":31},"end":{"line":18,"column":2}},"3":{"start":{"line":10,"column":69},"end":{"line":18,"column":2}},"4":{"start":{"line":11,"column":2},"end":{"line":17,"column":null}},"5":{"start":{"line":12,"column":19},"end":{"line":12,"column":49}},"6":{"start":{"line":13,"column":4},"end":{"line":13,"column":68}},"7":{"start":{"line":15,"column":4},"end":{"line":15,"column":18}},"8":{"start":{"line":16,"column":4},"end":{"line":16,"column":60}},"9":{"start":{"line":68,"column":2},"end":{"line":68,"column":24}},"10":{"start":{"line":19,"column":31},"end":{"line":33,"column":2}},"11":{"start":{"line":19,"column":69},"end":{"line":33,"column":2}},"12":{"start":{"line":20,"column":2},"end":{"line":32,"column":null}},"13":{"start":{"line":21,"column":21},"end":{"line":21,"column":64}},"14":{"start":{"line":22,"column":4},"end":{"line":28,"column":null}},"15":{"start":{"line":23,"column":6},"end":{"line":25,"column":71}},"16":{"start":{"line":27,"column":6},"end":{"line":27,"column":51}},"17":{"start":{"line":30,"column":4},"end":{"line":30,"column":18}},"18":{"start":{"line":31,"column":4},"end":{"line":31,"column":67}},"19":{"start":{"line":70,"column":2},"end":{"line":70,"column":24}},"20":{"start":{"line":34,"column":30},"end":{"line":42,"column":2}},"21":{"start":{"line":34,"column":68},"end":{"line":42,"column":2}},"22":{"start":{"line":35,"column":2},"end":{"line":41,"column":null}},"23":{"start":{"line":36,"column":24},"end":{"line":36,"column":61}},"24":{"start":{"line":37,"column":4},"end":{"line":37,"column":29}},"25":{"start":{"line":38,"column":4},"end":{"line":38,"column":56}},"26":{"start":{"line":40,"column":4},"end":{"line":40,"column":67}},"27":{"start":{"line":69,"column":2},"end":{"line":69,"column":23}},"28":{"start":{"line":44,"column":30},"end":{"line":50,"column":2}},"29":{"start":{"line":44,"column":54},"end":{"line":50,"column":2}},"30":{"start":{"line":45,"column":2},"end":{"line":49,"column":null}},"31":{"start":{"line":46,"column":4},"end":{"line":46,"column":56}},"32":{"start":{"line":48,"column":4},"end":{"line":48,"column":67}},"33":{"start":{"line":71,"column":2},"end":{"line":71,"column":23}},"34":{"start":{"line":52,"column":30},"end":{"line":61,"column":2}},"35":{"start":{"line":52,"column":68},"end":{"line":61,"column":2}},"36":{"start":{"line":53,"column":17},"end":{"line":53,"column":27}},"37":{"start":{"line":54,"column":2},"end":{"line":60,"column":null}},"38":{"start":{"line":55,"column":24},"end":{"line":55,"column":55}},"39":{"start":{"line":56,"column":4},"end":{"line":56,"column":53}},"40":{"start":{"line":57,"column":4},"end":{"line":57,"column":29}},"41":{"start":{"line":59,"column":4},"end":{"line":59,"column":67}},"42":{"start":{"line":72,"column":2},"end":{"line":72,"column":23}},"43":{"start":{"line":63,"column":19},"end":{"line":65,"column":1}},"44":{"start":{"line":64,"column":2},"end":{"line":64,"column":47}},"45":{"start":{"line":73,"column":2},"end":{"line":73,"column":12}}},"fnMap":{"0":{"name":"(anonymous_8)","decl":{"start":{"line":10,"column":31},"end":{"line":10,"column":38}},"loc":{"start":{"line":10,"column":69},"end":{"line":18,"column":2}}},"1":{"name":"(anonymous_9)","decl":{"start":{"line":10,"column":69},"end":{"line":10,"column":null}},"loc":{"start":{"line":10,"column":69},"end":{"line":18,"column":1}}},"2":{"name":"(anonymous_10)","decl":{"start":{"line":19,"column":31},"end":{"line":19,"column":38}},"loc":{"start":{"line":19,"column":69},"end":{"line":33,"column":2}}},"3":{"name":"(anonymous_11)","decl":{"start":{"line":19,"column":69},"end":{"line":19,"column":null}},"loc":{"start":{"line":19,"column":69},"end":{"line":33,"column":1}}},"4":{"name":"(anonymous_12)","decl":{"start":{"line":34,"column":30},"end":{"line":34,"column":37}},"loc":{"start":{"line":34,"column":68},"end":{"line":42,"column":2}}},"5":{"name":"(anonymous_13)","decl":{"start":{"line":34,"column":68},"end":{"line":34,"column":null}},"loc":{"start":{"line":34,"column":68},"end":{"line":42,"column":1}}},"6":{"name":"(anonymous_14)","decl":{"start":{"line":44,"column":30},"end":{"line":44,"column":37}},"loc":{"start":{"line":44,"column":54},"end":{"line":50,"column":2}}},"7":{"name":"(anonymous_15)","decl":{"start":{"line":44,"column":54},"end":{"line":44,"column":null}},"loc":{"start":{"line":44,"column":54},"end":{"line":50,"column":1}}},"8":{"name":"(anonymous_16)","decl":{"start":{"line":52,"column":30},"end":{"line":52,"column":37}},"loc":{"start":{"line":52,"column":68},"end":{"line":61,"column":2}}},"9":{"name":"(anonymous_17)","decl":{"start":{"line":52,"column":68},"end":{"line":52,"column":null}},"loc":{"start":{"line":52,"column":68},"end":{"line":61,"column":1}}},"10":{"name":"(anonymous_18)","decl":{"start":{"line":63,"column":19},"end":{"line":63,"column":20}},"loc":{"start":{"line":63,"column":51},"end":{"line":65,"column":1}}}},"branchMap":{"0":{"loc":{"start":{"line":22,"column":4},"end":{"line":28,"column":null}},"type":"if","locations":[{"start":{"line":22,"column":4},"end":{"line":28,"column":null}},{"start":{"line":26,"column":11},"end":{"line":28,"column":null}}]}},"s":{"0":3,"1":3,"2":3,"3":0,"4":0,"5":0,"6":0,"7":0,"8":0,"9":3,"10":3,"11":0,"12":0,"13":0,"14":0,"15":0,"16":0,"17":0,"18":0,"19":3,"20":3,"21":0,"22":0,"23":0,"24":0,"25":0,"26":0,"27":3,"28":3,"29":0,"30":0,"31":0,"32":0,"33":3,"34":3,"35":0,"36":0,"37":0,"38":0,"39":0,"40":0,"41":0,"42":3,"43":3,"44":0,"45":3},"f":{"0":0,"1":0,"2":0,"3":0,"4":0,"5":0,"6":0,"7":0,"8":0,"9":0,"10":0},"b":{"0":[0,0]}}
,"D:\\Assignment\\EmpManagerBackend\\src\\models\\employee.model.ts": {"path":"D:\\Assignment\\EmpManagerBackend\\src\\models\\employee.model.ts","statementMap":{"0":{"start":{"line":1,"column":0},"end":{"line":1,"column":32}},"1":{"start":{"line":2,"column":0},"end":{"line":2,"column":44}},"2":{"start":{"line":4,"column":14},"end":{"line":4,"column":36}},"3":{"start":{"line":15,"column":23},"end":{"line":48,"column":2}},"4":{"start":{"line":50,"column":22},"end":{"line":50,"column":75}},"5":{"start":{"line":52,"column":0},"end":{"line":52,"column":29}}},"fnMap":{},"branchMap":{},"s":{"0":3,"1":3,"2":3,"3":3,"4":3,"5":3},"f":{},"b":{}}
,"D:\\Assignment\\EmpManagerBackend\\src\\service\\employee.service.ts": {"path":"D:\\Assignment\\EmpManagerBackend\\src\\service\\employee.service.ts","statementMap":{"0":{"start":{"line":1,"column":0},"end":{"line":1,"column":68}},"1":{"start":{"line":2,"column":0},"end":{"line":2,"column":34}},"2":{"start":{"line":4,"column":31},"end":{"line":12,"column":2}},"3":{"start":{"line":4,"column":42},"end":{"line":12,"column":2}},"4":{"start":{"line":5,"column":2},"end":{"line":11,"column":null}},"5":{"start":{"line":6,"column":22},"end":{"line":6,"column":42}},"6":{"start":{"line":7,"column":4},"end":{"line":7,"column":21}},"7":{"start":{"line":9,"column":4},"end":{"line":9,"column":18}},"8":{"start":{"line":10,"column":4},"end":{"line":10,"column":22}},"9":{"start":{"line":69,"column":2},"end":{"line":69,"column":24}},"10":{"start":{"line":13,"column":31},"end":{"line":21,"column":2}},"11":{"start":{"line":13,"column":52},"end":{"line":21,"column":2}},"12":{"start":{"line":14,"column":2},"end":{"line":20,"column":null}},"13":{"start":{"line":15,"column":21},"end":{"line":15,"column":47}},"14":{"start":{"line":16,"column":4},"end":{"line":16,"column":20}},"15":{"start":{"line":18,"column":4},"end":{"line":18,"column":18}},"16":{"start":{"line":19,"column":4},"end":{"line":19,"column":22}},"17":{"start":{"line":70,"column":2},"end":{"line":70,"column":24}},"18":{"start":{"line":22,"column":30},"end":{"line":34,"column":2}},"19":{"start":{"line":22,"column":60},"end":{"line":34,"column":2}},"20":{"start":{"line":23,"column":2},"end":{"line":33,"column":null}},"21":{"start":{"line":24,"column":19},"end":{"line":24,"column":55}},"22":{"start":{"line":25,"column":4},"end":{"line":25,"column":18}},"23":{"start":{"line":27,"column":4},"end":{"line":32,"column":null}},"24":{"start":{"line":28,"column":6},"end":{"line":28,"column":53}},"25":{"start":{"line":30,"column":6},"end":{"line":30,"column":20}},"26":{"start":{"line":31,"column":6},"end":{"line":31,"column":24}},"27":{"start":{"line":68,"column":2},"end":{"line":68,"column":23}},"28":{"start":{"line":36,"column":30},"end":{"line":54,"column":2}},"29":{"start":{"line":36,"column":60},"end":{"line":54,"column":2}},"30":{"start":{"line":37,"column":68},"end":{"line":37,"column":76}},"31":{"start":{"line":39,"column":2},"end":{"line":53,"column":null}},"32":{"start":{"line":40,"column":19},"end":{"line":47,"column":6}},"33":{"start":{"line":49,"column":4},"end":{"line":49,"column":18}},"34":{"start":{"line":51,"column":4},"end":{"line":51,"column":18}},"35":{"start":{"line":52,"column":4},"end":{"line":52,"column":22}},"36":{"start":{"line":71,"column":2},"end":{"line":71,"column":23}},"37":{"start":{"line":56,"column":30},"end":{"line":65,"column":2}},"38":{"start":{"line":56,"column":51},"end":{"line":65,"column":2}},"39":{"start":{"line":57,"column":2},"end":{"line":64,"column":null}},"40":{"start":{"line":58,"column":4},"end":{"line":58,"column":40}},"41":{"start":{"line":59,"column":24},"end":{"line":59,"column":44}},"42":{"start":{"line":60,"column":4},"end":{"line":60,"column":23}},"43":{"start":{"line":62,"column":4},"end":{"line":62,"column":18}},"44":{"start":{"line":63,"column":4},"end":{"line":63,"column":22}},"45":{"start":{"line":72,"column":2},"end":{"line":72,"column":23}}},"fnMap":{"0":{"name":"(anonymous_8)","decl":{"start":{"line":4,"column":31},"end":{"line":4,"column":40}},"loc":{"start":{"line":4,"column":42},"end":{"line":12,"column":2}}},"1":{"name":"(anonymous_9)","decl":{"start":{"line":4,"column":42},"end":{"line":4,"column":null}},"loc":{"start":{"line":4,"column":42},"end":{"line":12,"column":1}}},"2":{"name":"(anonymous_10)","decl":{"start":{"line":13,"column":31},"end":{"line":13,"column":38}},"loc":{"start":{"line":13,"column":52},"end":{"line":21,"column":2}}},"3":{"name":"(anonymous_11)","decl":{"start":{"line":13,"column":52},"end":{"line":13,"column":null}},"loc":{"start":{"line":13,"column":52},"end":{"line":21,"column":1}}},"4":{"name":"(anonymous_12)","decl":{"start":{"line":22,"column":30},"end":{"line":22,"column":37}},"loc":{"start":{"line":22,"column":60},"end":{"line":34,"column":2}}},"5":{"name":"(anonymous_13)","decl":{"start":{"line":22,"column":60},"end":{"line":22,"column":null}},"loc":{"start":{"line":22,"column":60},"end":{"line":34,"column":1}}},"6":{"name":"(anonymous_14)","decl":{"start":{"line":36,"column":30},"end":{"line":36,"column":37}},"loc":{"start":{"line":36,"column":60},"end":{"line":54,"column":2}}},"7":{"name":"(anonymous_15)","decl":{"start":{"line":36,"column":60},"end":{"line":36,"column":null}},"loc":{"start":{"line":36,"column":60},"end":{"line":54,"column":1}}},"8":{"name":"(anonymous_16)","decl":{"start":{"line":56,"column":30},"end":{"line":56,"column":37}},"loc":{"start":{"line":56,"column":51},"end":{"line":65,"column":2}}},"9":{"name":"(anonymous_17)","decl":{"start":{"line":56,"column":51},"end":{"line":56,"column":null}},"loc":{"start":{"line":56,"column":51},"end":{"line":65,"column":1}}}},"branchMap":{"0":{"loc":{"start":{"line":27,"column":4},"end":{"line":32,"column":null}},"type":"if","locations":[{"start":{"line":27,"column":4},"end":{"line":32,"column":null}},{"start":{"line":29,"column":11},"end":{"line":32,"column":null}}]}},"s":{"0":3,"1":3,"2":3,"3":0,"4":0,"5":0,"6":0,"7":0,"8":0,"9":3,"10":3,"11":0,"12":0,"13":0,"14":0,"15":0,"16":0,"17":3,"18":3,"19":0,"20":0,"21":0,"22":0,"23":0,"24":0,"25":0,"26":0,"27":3,"28":3,"29":0,"30":0,"31":0,"32":0,"33":0,"34":0,"35":0,"36":3,"37":3,"38":0,"39":0,"40":0,"41":0,"42":0,"43":0,"44":0,"45":3},"f":{"0":0,"1":0,"2":0,"3":0,"4":0,"5":0,"6":0,"7":0,"8":0,"9":0},"b":{"0":[0,0]}}
,"D:\\Assignment\\EmpManagerBackend\\src\\utils\\logger.ts": {"path":"D:\\Assignment\\EmpManagerBackend\\src\\utils\\logger.ts","statementMap":{"0":{"start":{"line":1,"column":13},"end":{"line":1,"column":28}},"1":{"start":{"line":3,"column":12},"end":{"line":10,"column":2}},"2":{"start":{"line":12,"column":0},"end":{"line":12,"column":19}}},"fnMap":{},"branchMap":{},"s":{"0":3,"1":3,"2":3},"f":{},"b":{}}
}
